[17:25:23] [ServerMain/INFO]: Environment: Environment[sessionHost=https://sessionserver.mojang.com, servicesHost=https://api.minecraftservices.com, name=PROD]
[17:25:26] [ServerMain/INFO]: Loaded 1290 recipes
[17:25:26] [ServerMain/INFO]: Loaded 1399 advancements
[17:25:26] [Server thread/INFO]: Starting minecraft server version 1.21
[17:25:26] [Server thread/INFO]: Loading properties
[17:25:26] [Server thread/INFO]: Default game type: SURVIVAL
[17:25:26] [Server thread/INFO]: Generating keypair
[17:25:27] [Server thread/INFO]: Starting Minecraft server on *:25565
[17:25:27] [Server thread/INFO]: Using epoll channel type
[17:25:27] [Server thread/WARN]: **** SERVER IS RUNNING IN OFFLINE/INSECURE MODE!
[17:25:27] [Server thread/WARN]: The server will make no attempt to authenticate usernames. Beware.
[17:25:27] [Server thread/WARN]: While this makes the game possible to play without internet access, it also opens up the ability for hackers to connect with any username they choose.
[17:25:27] [Server thread/WARN]: To change this, set "online-mode" to "true" in the server.properties file.
[17:25:27] [Server thread/INFO]: Preparing level "world"
[17:25:36] [Server thread/INFO]: Preparing start region for dimension minecraft:overworld
[17:25:36] [Worker-Main-1/INFO]: Preparing spawn area: 0%
[17:25:36] [Worker-Main-1/INFO]: Preparing spawn area: 0%
[17:25:37] [Server thread/INFO]: Time elapsed: 972 ms
[17:25:37] [Server thread/INFO]: Done (9.791s)! For help, type "help"
[17:27:29] [Server thread/INFO]: Cafssterr[/100.77.108.119:50855] logged in with entity id 9 at (-18.5, 83.0, -153.5)
[17:27:29] [Server thread/INFO]: Cafssterr joined the game
[17:27:37] [Server thread/INFO]: Cafssterr lost connection: Disconnected
[17:27:37] [Server thread/INFO]: Cafssterr left the game
[17:29:36] [Server thread/INFO]: Cafster[/100.77.108.119:50888] logged in with entity id 183 at (54.69999998807907, 62.0, -1168.5275548242307)
[17:29:36] [Server thread/INFO]: Cafster joined the game
[17:30:13] [Server thread/INFO]: Naannoo[/100.117.0.58:60403] logged in with entity id 622 at (53.69999998807907, 62.0, -1168.699999988079)
[17:30:13] [Server thread/INFO]: Naannoo joined the game
[17:35:03] [Server thread/WARN]: Mismatch in destroy block pos: jd{x=369, y=97, z=-1091} jd{x=368, y=95, z=-1090}
[17:35:03] [Server thread/WARN]: Mismatch in destroy block pos: jd{x=369, y=97, z=-1091} jd{x=368, y=95, z=-1090}
[17:41:43] [Server thread/INFO]: Cafster has made the advancement [Hot Stuff]
[17:45:16] [Server thread/INFO]: [Not Secure] <Cafster> zzzz
[17:45:45] [Server thread/INFO]: Naannoo lost connection: Disconnected
[17:45:45] [Server thread/INFO]: Naannoo left the game
[17:45:48] [Server thread/INFO]: Naannoo[/100.117.0.58:60465] logged in with entity id 5235 at (299.2991738816915, 86.0, -1505.046900750849)
[17:45:48] [Server thread/INFO]: Naannoo joined the game
[17:48:17] [Server thread/WARN]: Can't keep up! Is the server overloaded? Running 2867ms or 57 ticks behind
[17:50:04] [Server thread/INFO]: Villager cmk['Villager'/6593, l='ServerLevel[world]', x=9.70, y=86.00, z=-1924.50] died, message: 'Villager froze to death'
[17:57:13] [Server thread/INFO]: Cafster has made the advancement [Take Aim]
[18:02:36] [Server thread/INFO]: Naannoo has made the advancement [Hot Stuff]
[18:12:41] [Server thread/INFO]: Cafster has made the advancement [Sneak 100]
[18:12:44] [Server thread/INFO]: Naannoo has made the advancement [Sneak 100]
[18:17:27] [Server thread/INFO]: Cafster lost connection: Disconnected
[18:17:27] [Server thread/INFO]: Cafster left the game
[18:17:32] [Server thread/INFO]: Cafster[/100.77.108.119:50974] logged in with entity id 12932 at (50.48192650690807, 109.0, -1651.360871761923)
[18:17:32] [Server thread/INFO]: Cafster joined the game
[18:19:10] [Server thread/INFO]: [Cafster: Banned Naannoo: Banned by an operator.]
[18:19:10] [Server thread/INFO]: Naannoo lost connection: You are banned from this server
[18:19:10] [Server thread/INFO]: Naannoo left the game
[18:19:15] [Server thread/INFO]: Disconnecting Naannoo (/100.117.0.58:60551): You are banned from this server.
Reason: Banned by an operator.
[18:19:15] [Server thread/INFO]: Naannoo (/100.117.0.58:60551) lost connection: You are banned from this server.
Reason: Banned by an operator.
[18:19:15] [Server thread/WARN]: handleDisconnection() called twice
[18:20:43] [Server thread/INFO]: Disconnecting Naannoo (/100.117.0.58:60553): You are banned from this server.
Reason: Banned by an operator.
[18:20:43] [Server thread/INFO]: Naannoo (/100.117.0.58:60553) lost connection: You are banned from this server.
Reason: Banned by an operator.
[18:20:43] [Server thread/WARN]: handleDisconnection() called twice
[18:20:47] [Server thread/INFO]: Disconnecting Naannoo (/100.117.0.58:60556): You are banned from this server.
Reason: Banned by an operator.
[18:20:47] [Server thread/INFO]: Naannoo (/100.117.0.58:60556) lost connection: You are banned from this server.
Reason: Banned by an operator.
[18:20:47] [Server thread/WARN]: handleDisconnection() called twice
[18:22:44] [Server thread/INFO]: Unbanned Naannoo
[18:22:53] [Server thread/INFO]: Naannoo[/100.117.0.58:60644] logged in with entity id 13846 at (-302.0008036751942, 88.0, -1729.6818306042762)
[18:22:53] [Server thread/INFO]: Naannoo joined the game
[18:28:38] [Server thread/INFO]: [Not Secure] <Cafster> puta
[18:29:04] [Server thread/INFO]: [Not Secure] <Naannoo> MALDITA
[18:30:27] [Server thread/WARN]: Spruce Boat (vehicle of Naannoo) moved too quickly! -1.468252735150827,9.947598300641403E-13,-9.891762807460054
[18:30:27] [Server thread/WARN]: Spruce Boat (vehicle of Naannoo) moved too quickly! -1.5269828446828342,1.0089706847793423E-12,-10.287433320607306
[18:30:27] [Server thread/WARN]: Spruce Boat (vehicle of Naannoo) moved too quickly! -1.5857129542177972,1.0160761121369433E-12,-10.683103833775021
[18:30:27] [Server thread/WARN]: Spruce Boat (vehicle of Naannoo) moved too quickly! -1.6444430637554888,1.0231815394945443E-12,-11.078774346960927
[18:30:27] [Server thread/WARN]: Spruce Boat (vehicle of Naannoo) moved too quickly! -1.7031731732956814,1.0231815394945443E-12,-11.474444860163203
[18:30:27] [Server thread/WARN]: Spruce Boat (vehicle of Naannoo) moved too quickly! -1.7619032828381478,1.0231815394945443E-12,-11.870115373380486
[18:30:27] [Server thread/WARN]: Spruce Boat (vehicle of Naannoo) moved too quickly! -1.8206333923826605,1.0160761121369433E-12,-12.265785886610956
[18:30:27] [Server thread/WARN]: Spruce Boat (vehicle of Naannoo) moved too quickly! -1.879363501928765,1.0089706847793423E-12,-12.661456399853705
[18:30:27] [Server thread/WARN]: Spruce Boat (vehicle of Naannoo) moved too quickly! -1.9380936114764609,1.0018652574217413E-12,-13.057126913107368
[18:30:27] [Server thread/WARN]: Spruce Boat (vehicle of Naannoo) moved too quickly! -1.9968237210257485,9.947598300641403E-13,-13.45279742637058
[18:30:27] [Server thread/WARN]: Spruce Boat (vehicle of Naannoo) moved too quickly! -2.0555538305764003,9.876544027065393E-13,-13.848467939642433
[18:30:27] [Server thread/WARN]: Spruce Boat (vehicle of Naannoo) moved too quickly! -2.114283940128189,9.876544027065393E-13,-14.24413845292247
[18:30:27] [Server thread/WARN]: Spruce Boat (vehicle of Naannoo) moved too quickly! -2.173014049680887,9.876544027065393E-13,-14.63980896620933
[18:30:27] [Server thread/WARN]: Spruce Boat (vehicle of Naannoo) moved too quickly! -2.231744159234495,9.876544027065393E-13,-15.035479479502555
[18:30:27] [Server thread/WARN]: Spruce Boat (vehicle of Naannoo) moved too quickly! -2.290474268789012,9.876544027065393E-13,-15.431149992801693
[18:30:57] [Server thread/INFO]: [Cafster: Kicked Naannoo: Kicked by an operator]
[18:30:57] [Server thread/INFO]: Naannoo lost connection: Kicked by an operator
[18:30:57] [Server thread/INFO]: Naannoo left the game
[18:31:01] [Server thread/INFO]: Naannoo[/100.117.0.58:60674] logged in with entity id 18041 at (-1132.3246949858346, 70.02442408821369, -2611.626585032961)
[18:31:01] [Server thread/INFO]: Naannoo joined the game
[18:32:47] [Server thread/WARN]: Cafster moved too quickly! 5.1893109657306695,-1.2491870787446828,8.630527868590889
[18:32:47] [Server thread/INFO]: Naannoo has made the advancement [Best Friends Forever]
[18:32:47] [Server thread/WARN]: Can't keep up! Is the server overloaded? Running 3273ms or 65 ticks behind
[18:33:36] [Server thread/INFO]: Villager cmk['Nitwit'/19133, l='ServerLevel[world]', x=-697.65, y=65.94, z=-2827.47] died, message: 'Nitwit was slain by Cafster'
[18:36:14] [Server thread/INFO]: [Not Secure] <Naannoo> 104 -1206
[18:36:20] [Server thread/INFO]: [Not Secure] <Naannoo> 104 -1206
[18:36:21] [Server thread/INFO]: [Not Secure] <Naannoo> 104 -1206
[18:36:39] [Server thread/INFO]: Cafster has made the advancement [Ice Bucket Challenge]
[18:38:01] [Server thread/INFO]: [Not Secure] <Naannoo> se e gei ?
[18:38:09] [Server thread/INFO]: [Not Secure] <Naannoo> discord
[18:38:12] [Server thread/INFO]: [Not Secure] <Naannoo> se te salio
[18:38:17] [Server thread/INFO]: [Not Secure] <Naannoo> maricon
[18:40:06] [Server thread/INFO]: Cafster has made the advancement [A Seedy Place]
[18:41:08] [Server thread/INFO]: [Not Secure] <Cafster> zz
[18:45:18] [Server thread/WARN]: Naannoo moved too quickly! -9.467831583279974,0.8800391385729398,3.320388199464105
[18:45:22] [Server thread/WARN]: Naannoo was kicked for floating too long!
[18:45:22] [Server thread/INFO]: Naannoo lost connection: Flying is not enabled on this server
[18:45:22] [Server thread/INFO]: Naannoo left the game
[18:45:47] [Server thread/INFO]: Naannoo[/100.117.0.58:52212] logged in with entity id 24762 at (-474.9713773139713, 72.7531999805212, -2863.423093044699)
[18:45:47] [Server thread/INFO]: Naannoo joined the game
[18:47:08] [Server thread/INFO]: [Cafster: Set own game mode to Creative Mode]
[18:47:10] [Server thread/INFO]: [Cafster: Set own game mode to Spectator Mode]
[18:47:30] [Server thread/INFO]: [Cafster: Set own game mode to Survival Mode]
[18:49:42] [Server thread/INFO]: [Cafster: Set own game mode to Spectator Mode]
